# JRE version: Java(TM) SE Runtime Environment (9.0+11) (build 9.0.4+11)
# Java VM: Java HotSpot(TM) 64-Bit Server VM (9.0.4+11, mixed mode, tiered, compressed oops, g1 gc, windows-amd64)
Heap:
 garbage-first heap   total 222208K, used 113424K [0x0000000700000000, 0x00000007001006c8, 0x00000007c0000000)
  region size 1024K, 40 young (40960K), 1 survivors (1024K)
 Metaspace       used 79048K, capacity 80578K, committed 86908K, reserved 1124352K
  class space    used 10184K, capacity 10519K, committed 11900K, reserved 1048576K
GC Heap History (10 events):
Event: 8116.628 GC heap before
{Heap before GC invocations=333 (full 55):
 garbage-first heap   total 222208K, used 82790K [0x0000000700000000, 0x00000007001006c8, 0x00000007c0000000)
  region size 1024K, 10 young (10240K), 0 survivors (0K)
 Metaspace       used 79033K, capacity 80450K, committed 86908K, reserved 1124352K
  class space    used 10184K, capacity 10519K, committed 11900K, reserved 1048576K
}
Event: 8116.630 GC heap after
{Heap after GC invocations=334 (full 55):
 garbage-first heap   total 222208K, used 74136K [0x0000000700000000, 0x00000007001006c8, 0x00000007c0000000)
  region size 1024K, 1 young (1024K), 1 survivors (1024K)
 Metaspace       used 79033K, capacity 80450K, committed 86908K, reserved 1124352K
  class space    used 10184K, capacity 10519K, committed 11900K, reserved 1048576K
}
Event: 8117.394 GC heap before
{Heap before GC invocations=334 (full 55):
 garbage-first heap   total 222208K, used 82328K [0x0000000700000000, 0x00000007001006c8, 0x00000007c0000000)
  region size 1024K, 10 young (10240K), 1 survivors (1024K)
 Metaspace       used 79033K, capacity 80450K, committed 86908K, reserved 1124352K
  class space    used 10184K, capacity 10519K, committed 11900K, reserved 1048576K
}
Event: 8117.564 GC heap after
{Heap after GC invocations=335 (full 56):
 garbage-first heap   total 222208K, used 73562K [0x0000000700000000, 0x00000007001006c8, 0x00000007c0000000)
  region size 1024K, 0 young (0K), 0 survivors (0K)
 Metaspace       used 79033K, capacity 80450K, committed 86908K, reserved 1124352K
  class space    used 10184K, capacity 10519K, committed 11900K, reserved 1048576K
}
Event: 8118.049 GC heap before
{Heap before GC invocations=335 (full 56):
 garbage-first heap   total 222208K, used 77658K [0x0000000700000000, 0x00000007001006c8, 0x00000007c0000000)
  region size 1024K, 5 young (5120K), 0 survivors (0K)
 Metaspace       used 79033K, capacity 80450K, committed 86908K, reserved 1124352K
  class space    used 10184K, capacity 10519K, committed 11900K, reserved 1048576K
}
Event: 8118.051 GC heap after
{Heap after GC invocations=336 (full 56):
 garbage-first heap   total 222208K, used 73858K [0x0000000700000000, 0x00000007001006c8, 0x00000007c0000000)
  region size 1024K, 1 young (1024K), 1 survivors (1024K)
 Metaspace       used 79033K, capacity 80450K, committed 86908K, reserved 1124352K
  class space    used 10184K, capacity 10519K, committed 11900K, reserved 1048576K
}
Event: 8128.948 GC heap before
{Heap before GC invocations=336 (full 56):
 garbage-first heap   total 222208K, used 134274K [0x0000000700000000, 0x00000007001006c8, 0x00000007c0000000)
  region size 1024K, 60 young (61440K), 1 survivors (1024K)
 Metaspace       used 79042K, capacity 80514K, committed 86908K, reserved 1124352K
  class space    used 10184K, capacity 10519K, committed 11900K, reserved 1048576K
}
Event: 8128.952 GC heap after
{Heap after GC invocations=337 (full 56):
 garbage-first heap   total 222208K, used 75066K [0x0000000700000000, 0x00000007001006c8, 0x00000007c0000000)
  region size 1024K, 2 young (2048K), 2 survivors (2048K)
 Metaspace       used 79042K, capacity 80514K, committed 86908K, reserved 1124352K
  class space    used 10184K, capacity 10519K, committed 11900K, reserved 1048576K
}
Event: 8129.138 GC heap before
{Heap before GC invocations=337 (full 56):
 garbage-first heap   total 222208K, used 134458K [0x0000000700000000, 0x00000007001006c8, 0x00000007c0000000)
  region size 1024K, 60 young (61440K), 2 survivors (2048K)
 Metaspace       used 79042K, capacity 80514K, committed 86908K, reserved 1124352K
  class space    used 10184K, capacity 10519K, committed 11900K, reserved 1048576K
}
Event: 8129.141 GC heap after
{Heap after GC invocations=338 (full 56):
 garbage-first heap   total 222208K, used 74512K [0x0000000700000000, 0x00000007001006c8, 0x00000007c0000000)
  region size 1024K, 1 young (1024K), 1 survivors (1024K)
 Metaspace       used 79042K, capacity 80514K, committed 86908K, reserved 1124352K
  class space    used 10184K, capacity 10519K, committed 11900K, reserved 1048576K
}

